[0m16:06:14.126766 [debug] [MainThread]: Sending event: {'category': 'dbt', 'action': 'invocation', 'label': 'start', 'context': [<snowplow_tracker.self_describing_json.SelfDescribingJson object at 0x000001A47573B100>, <snowplow_tracker.self_describing_json.SelfDescribingJson object at 0x000001A477A6C310>, <snowplow_tracker.self_describing_json.SelfDescribingJson object at 0x000001A477A6C1C0>]}


============================== 16:06:14.140909 | d19203d1-71fc-4c19-8134-f05df3b60f3d ==============================
[0m16:06:14.140909 [info ] [MainThread]: Running with dbt=1.11.2
[0m16:06:14.142456 [debug] [MainThread]: running dbt with arguments {'cache_selected_only': 'False', 'profiles_dir': 'c:\\Users\\akram\\Documents\\OpendataHub\\src\\transforme_with_dbt\\dbt', 'no_print': 'None', 'use_colors': 'True', 'target_path': 'None', 'warn_error': 'None', 'indirect_selection': 'eager', 'partial_parse': 'True', 'log_path': 'c:\\Users\\akram\\Documents\\OpendataHub\\src\\transforme_with_dbt\\dbt\\logs', 'send_anonymous_usage_stats': 'True', 'fail_fast': 'False', 'warn_error_options': 'WarnErrorOptionsV2(error=[], warn=[], silence=[])', 'static_parser': 'True', 'version_check': 'True', 'use_experimental_parser': 'False', 'introspect': 'True', 'quiet': 'False', 'empty': 'None', 'log_cache_events': 'False', 'debug': 'False', 'log_format': 'default', 'invocation_command': 'dbt ', 'printer_width': '80', 'write_json': 'True'}
[0m16:06:14.661213 [debug] [MainThread]: Sending event: {'category': 'dbt', 'action': 'project_id', 'label': 'd19203d1-71fc-4c19-8134-f05df3b60f3d', 'context': [<snowplow_tracker.self_describing_json.SelfDescribingJson object at 0x000001A477A6B910>]}
[0m16:06:15.119909 [info ] [MainThread]: Warning: No packages were found in packages.yml
[0m16:06:15.121911 [info ] [MainThread]: Warning: No packages were found in packages.yml
[0m16:06:15.126068 [debug] [MainThread]: Command `cli deps` succeeded at 16:06:15.126068 after 1.17 seconds
[0m16:06:15.126068 [debug] [MainThread]: Sending event: {'category': 'dbt', 'action': 'invocation', 'label': 'end', 'context': [<snowplow_tracker.self_describing_json.SelfDescribingJson object at 0x000001A47573B100>, <snowplow_tracker.self_describing_json.SelfDescribingJson object at 0x000001A477A6B910>, <snowplow_tracker.self_describing_json.SelfDescribingJson object at 0x000001A477A68F70>]}
[0m16:06:15.127578 [debug] [MainThread]: Flushing usage events
[0m16:06:15.813633 [debug] [MainThread]: An error was encountered while trying to flush usage events
[0m23:10:08.599276 [debug] [MainThread]: Sending event: {'category': 'dbt', 'action': 'invocation', 'label': 'start', 'context': [<snowplow_tracker.self_describing_json.SelfDescribingJson object at 0x00000108C7E0B040>, <snowplow_tracker.self_describing_json.SelfDescribingJson object at 0x00000108CA13C340>, <snowplow_tracker.self_describing_json.SelfDescribingJson object at 0x00000108CA13C160>]}


============================== 23:10:08.609036 | 09ef73d0-11d7-4055-9475-42fba569eed5 ==============================
[0m23:10:08.609036 [info ] [MainThread]: Running with dbt=1.11.2
[0m23:10:08.610042 [debug] [MainThread]: running dbt with arguments {'invocation_command': 'dbt ', 'no_print': 'None', 'log_format': 'default', 'target_path': 'None', 'cache_selected_only': 'False', 'warn_error': 'None', 'indirect_selection': 'eager', 'fail_fast': 'False', 'static_parser': 'True', 'send_anonymous_usage_stats': 'True', 'log_path': 'c:\\Users\\akram\\Documents\\OpendataHub\\src\\transforme_with_dbt\\dbt\\logs', 'warn_error_options': 'WarnErrorOptionsV2(error=[], warn=[], silence=[])', 'partial_parse': 'True', 'version_check': 'True', 'use_experimental_parser': 'False', 'quiet': 'False', 'introspect': 'True', 'empty': 'None', 'log_cache_events': 'False', 'debug': 'False', 'profiles_dir': 'c:\\Users\\akram\\Documents\\OpendataHub\\src\\transforme_with_dbt\\dbt', 'use_colors': 'True', 'printer_width': '80', 'write_json': 'True'}
[0m23:10:09.003553 [debug] [MainThread]: Sending event: {'category': 'dbt', 'action': 'project_id', 'label': '09ef73d0-11d7-4055-9475-42fba569eed5', 'context': [<snowplow_tracker.self_describing_json.SelfDescribingJson object at 0x00000108CA13A470>]}
[0m23:10:09.049342 [info ] [MainThread]: Warning: No packages were found in packages.yml
[0m23:10:09.051340 [info ] [MainThread]: Warning: No packages were found in packages.yml
[0m23:10:09.053343 [debug] [MainThread]: Command `cli deps` succeeded at 23:10:09.053343 after 0.69 seconds
[0m23:10:09.054342 [debug] [MainThread]: Sending event: {'category': 'dbt', 'action': 'invocation', 'label': 'end', 'context': [<snowplow_tracker.self_describing_json.SelfDescribingJson object at 0x00000108C7E0B040>, <snowplow_tracker.self_describing_json.SelfDescribingJson object at 0x00000108CA13A470>, <snowplow_tracker.self_describing_json.SelfDescribingJson object at 0x00000108CA13A2F0>]}
[0m23:10:09.055377 [debug] [MainThread]: Flushing usage events
[0m23:10:09.894511 [debug] [MainThread]: An error was encountered while trying to flush usage events
[0m15:19:22.232577 [debug] [MainThread]: Sending event: {'category': 'dbt', 'action': 'invocation', 'label': 'start', 'context': [<snowplow_tracker.self_describing_json.SelfDescribingJson object at 0x000002588E18B130>, <snowplow_tracker.self_describing_json.SelfDescribingJson object at 0x00000258904BC370>, <snowplow_tracker.self_describing_json.SelfDescribingJson object at 0x00000258904BC190>]}


============================== 15:19:22.248141 | 2b2596fd-b8aa-4c04-a2af-ed585333caaf ==============================
[0m15:19:22.248141 [info ] [MainThread]: Running with dbt=1.11.2
[0m15:19:22.248141 [debug] [MainThread]: running dbt with arguments {'invocation_command': 'dbt ', 'target_path': 'None', 'log_format': 'default', 'no_print': 'None', 'printer_width': '80', 'warn_error': 'None', 'log_path': 'c:\\Users\\akram\\Documents\\OpendataHub\\src\\transforme_with_dbt\\dbt\\logs', 'fail_fast': 'False', 'partial_parse': 'True', 'send_anonymous_usage_stats': 'True', 'indirect_selection': 'eager', 'warn_error_options': 'WarnErrorOptionsV2(error=[], warn=[], silence=[])', 'static_parser': 'True', 'use_experimental_parser': 'False', 'version_check': 'True', 'quiet': 'False', 'introspect': 'True', 'empty': 'None', 'log_cache_events': 'False', 'debug': 'False', 'profiles_dir': 'c:\\Users\\akram\\Documents\\OpendataHub\\src\\transforme_with_dbt\\dbt', 'use_colors': 'True', 'cache_selected_only': 'False', 'write_json': 'True'}
[0m15:19:22.514003 [debug] [MainThread]: Sending event: {'category': 'dbt', 'action': 'project_id', 'label': '2b2596fd-b8aa-4c04-a2af-ed585333caaf', 'context': [<snowplow_tracker.self_describing_json.SelfDescribingJson object at 0x00000258904BB160>]}
[0m15:19:22.547814 [info ] [MainThread]: Warning: No packages were found in packages.yml
[0m15:19:22.548916 [info ] [MainThread]: Warning: No packages were found in packages.yml
[0m15:19:22.551171 [debug] [MainThread]: Command `cli deps` succeeded at 15:19:22.551171 after 0.46 seconds
[0m15:19:22.552130 [debug] [MainThread]: Sending event: {'category': 'dbt', 'action': 'invocation', 'label': 'end', 'context': [<snowplow_tracker.self_describing_json.SelfDescribingJson object at 0x000002588E18B130>, <snowplow_tracker.self_describing_json.SelfDescribingJson object at 0x00000258904BB160>, <snowplow_tracker.self_describing_json.SelfDescribingJson object at 0x00000258904B9420>]}
[0m15:19:22.552130 [debug] [MainThread]: Flushing usage events
[0m15:19:23.484755 [debug] [MainThread]: An error was encountered while trying to flush usage events
